<?xml version="1.0" encoding="UTF-8"?>
<!-- Generated by org.testng.reporters.JUnitReportReporter -->
<testsuite hostname="Athmanes-MBP.lan1" failures="0" tests="8" name="testtweet.TestTweetAPIClient" time="4.689" errors="0" timestamp="2020-07-04T14:57:10 EDT" skipped="0">
  <testcase classname="testtweet.TestTweetAPIClient" name="testSearchTweet" time="0.362"/>
  <system-out/>
  <testcase classname="testtweet.TestTweetAPIClient" name="testDeleteTweet" time="1.738"/>
  <system-out/>
  <testcase classname="testtweet.TestTweetAPIClient" name="testUserCanTweetSuccessfully" time="0.389"/>
  <system-out/>
  <testcase classname="testtweet.TestTweetAPIClient" name="testUnretweetTweet" time="0.298"/>
  <system-out/>
  <testcase classname="testtweet.TestTweetAPIClient" name="testRetweetTweet" time="0.323"/>
  <system-out/>
  <testcase classname="testtweet.TestTweetAPIClient" name="testShowTweet" time="0.257"/>
  <system-out/>
  <testcase classname="testtweet.TestTweetAPIClient" name="testUserTweet" time="0.236"/>
  <system-out/>
  <testcase classname="testtweet.TestTweetAPIClient" name="testUserCanNotTweetTheSameTweetTwiceInARow" time="1.086"/>
  <system-out/>
</testsuite> <!-- testtweet.TestTweetAPIClient -->
